Arguments: 
  C:\Program Files\nodejs\node.exe C:\Program Files (x86)\Yarn\bin\yarn.js run watch

PATH: 
  C:\Users\B2G Plex\bin;C:\Program Files\Git\mingw64\bin;C:\Program Files\Git\usr\local\bin;C:\Program Files\Git\usr\bin;C:\Program Files\Git\usr\bin;C:\Program Files\Git\mingw64\bin;C:\Program Files\Git\usr\bin;C:\Users\B2G Plex\bin;C:\Windows\system32;C:\Windows;C:\Windows\System32\Wbem;C:\Windows\System32\WindowsPowerShell\v1.0;C:\Program Files (x86)\NVIDIA Corporation\PhysX\Common;C:\WINDOWS\system32;C:\WINDOWS;C:\WINDOWS\System32\Wbem;C:\WINDOWS\System32\WindowsPowerShell\v1.0;C:\Program Files (x86)\Yarn\bin;C:\Program Files\Microsoft VS Code\bin;C:\WINDOWS\System32\OpenSSH;C:\Program Files\nodejs;C:\Program Files\Git\cmd;C:\Program Files\Git\mingw64\bin;C:\Program Files\Git\usr\bin;C:\Users\B2G Plex\AppData\Local\Microsoft\WindowsApps;C:\Program Files\Microsoft VS Code\bin;C:\Users\B2G Plex\AppData\Local\atom\bin;C:\Users\B2G Plex\AppData\Local\Microsoft\WindowsApps;C:\Users\B2G Plex\AppData\Local\GitHubDesktop\bin;C:\Users\B2G Plex\AppData\Local\Yarn\bin;C:\Users\B2G Plex\AppData\Roaming\npm;C:\Program Files\Git\usr\bin\vendor_perl;C:\Program Files\Git\usr\bin\core_perl

Yarn version: 
  1.5.1

Node version: 
  8.11.4

Platform: 
  win32 x64

npm manifest: 
  {
    "name": "Toku",
    "version": "4.1.0",
    "adonis-version": "4.1.0",
    "description": "Social network built with AdonisJS",
    "main": "index.js",
    "scripts": {
      "start": "node server.js",
      "test": "node ace test",
      "production": "./node_modules/.bin/webpack -p",
      "watch": "gulp",
      "server": "adonis serve",
      "watch-server": "adonis serve --dev",
      "sass": "gulp styles",
      "js": "gulp webpack"
    },
    "keywords": [
      "adonisjs",
      "adonis-app"
    ],
    "author": "",
    "license": "UNLICENSED",
    "private": true,
    "dependencies": {
      "@adonisjs/ace": "^5.0.4",
      "@adonisjs/auth": "^3.0.6",
      "@adonisjs/bodyparser": "^2.0.4",
      "@adonisjs/cors": "^1.0.6",
      "@adonisjs/fold": "^4.0.9",
      "@adonisjs/framework": "^5.0.8",
      "@adonisjs/ignitor": "^2.0.7",
      "@adonisjs/lucid": "^5.0.4",
      "@adonisjs/session": "^1.0.26",
      "@adonisjs/shield": "^1.0.7",
      "@adonisjs/validator": "^5.0.3",
      "axios": "^0.16.1",
      "babel-core": "^6.24.1",
      "babel-loader": "^6.4.1",
      "babel-preset-env": "^1.4.0",
      "babel-preset-es2015": "^6.24.1",
      "babel-preset-react": "^6.24.1",
      "babel-preset-stage-0": "^6.24.1",
      "browser-sync": "^2.24.7",
      "gulp": "^3.9.1",
      "gulp-autoprefixer": "^3.1.1",
      "gulp-babel": "^6.1.2",
      "gulp-concat": "^2.6.0",
      "gulp-eslint": "^3.0.1",
      "gulp-imagemin": "^3.0.3",
      "gulp-sass": "^3.0.0",
      "gulp-shell": "^0.6.3",
      "gulp-uglify": "^2.0.0",
      "gulp-watch": "^4.3.9",
      "html-webpack-plugin": "^2.28.0",
      "mysql": "^2.16.0",
      "node-sass": "^4.5.2",
      "react": "^15.5.4",
      "react-dom": "^15.5.4",
      "react-redux": "^5.0.4",
      "react-router": "^4.1.1",
      "redux": "^3.6.0",
      "sass-loader": "^6.0.3",
      "standard": "^10.0.2",
      "webpack": "^2.5.1",
      "webpack-stream": "^3.2.0"
    },
    "devDependencies": {
      "babel-plugin-transform-class-properties": "^6.24.1",
      "babel-plugin-transform-runtime": "^6.23.0",
      "babel-preset-stage-0": "^6.24.1"
    },
    "autoload": {
      "App": "./app"
    }
  }

yarn manifest: 
  No manifest

Lockfile: 
  No lockfile

Trace: 
  Error: Command failed.
  Exit code: 1
  Command: C:\WINDOWS\system32\cmd.exe
  Arguments: /d /s /c gulp
  Directory: C:\Users\B2G Plex\documents\onlinecourses\codingphase\toku
  Output:
  
      at ProcessTermError.MessageError (C:\Program Files (x86)\Yarn\lib\cli.js:186:110)
      at new ProcessTermError (C:\Program Files (x86)\Yarn\lib\cli.js:226:113)
      at ChildProcess.<anonymous> (C:\Program Files (x86)\Yarn\lib\cli.js:30281:17)
      at emitTwo (events.js:126:13)
      at ChildProcess.emit (events.js:214:7)
      at maybeClose (internal/child_process.js:925:16)
      at Process.ChildProcess._handle.onexit (internal/child_process.js:209:5)
